=== NICEGOLD MENU 1 SESSION LOG ===
Session ID: b2586764
Start Time: 2025-07-08T15:24:14.224163
Session Log: menu1_session_20250708_152414_b2586764.log
==================================================

2025-07-08T15:24:14.231489 [INFO] 🚀 Enhanced Menu 1 Elliott Wave initialized with Enterprise Logger
2025-07-08T15:24:17.781337 [INFO] 🚀 Starting Enhanced Elliott Wave Pipeline
2025-07-08T15:24:17.786485 [INFO] 🏗️ Initializing Elliott Wave System
2025-07-08T15:24:17.789295 [PROGRESS] Progress: 50% - Loading configuration
2025-07-08T15:24:18.291971 [PROGRESS] Progress: 100% - Initialization complete
2025-07-08T15:24:18.298577 [INFO] 📊 Loading market data
2025-07-08T15:26:05.223038 [PROGRESS] Progress: 50% - Processing data files
2025-07-08T15:26:05.727275 [PROGRESS] Progress: 100% - Data loading complete
2025-07-08T15:26:05.733158 [INFO] 🔍 Selecting optimal features
2025-07-08T16:30:06.214044 [PROGRESS] Progress: 50% - Running SHAP analysis
2025-07-08T16:30:06.720220 [PROGRESS] Progress: 100% - Feature selection complete
2025-07-08T16:30:06.726878 [INFO] 🧹 Preparing data for training
2025-07-08T16:30:06.729835 [PROGRESS] Progress: 50% - Normalizing features
2025-07-08T16:30:07.232684 [PROGRESS] Progress: 100% - Data preparation complete
2025-07-08T16:30:07.238615 [INFO] 🧠 Training CNN-LSTM model
2025-07-08T16:30:07.241619 [PROGRESS] Progress: 30% - Building model architecture
2025-07-08T16:30:08.244485 [PROGRESS] Progress: 70% - Training neural network
2025-07-08T16:30:09.249463 [PROGRESS] Progress: 100% - CNN-LSTM training complete
2025-07-08T16:30:09.255451 [INFO] 🎮 Training DQN agent
2025-07-08T16:30:09.284332 [PROGRESS] Progress: 30% - Initializing DQN agent
2025-07-08T16:30:10.287712 [PROGRESS] Progress: 70% - Training reinforcement learning
2025-07-08T16:30:11.292553 [PROGRESS] Progress: 100% - DQN training complete
2025-07-08T16:30:11.298605 [INFO] 🔗 Integrating models
2025-07-08T16:30:11.302443 [ERROR] Step INTEGRATION failed: 'EnhancedMenu1ElliottWave' object has no attribute '_integrate_pipeline_with_progress'
2025-07-08T16:30:11.305411 [CRITICAL] 🚨 Pipeline failed: 'EnhancedMenu1ElliottWave' object has no attribute '_integrate_pipeline_with_progress'
