=== NICEGOLD MENU 1 SESSION LOG ===
Session ID: b241f0de
Start Time: 2025-07-08T16:35:51.944391
Session Log: menu1_session_20250708_163551_b241f0de.log
==================================================

2025-07-08T16:35:51.950263 [INFO] 🚀 Enhanced Menu 1 Elliott Wave initialized with Enterprise Logger
2025-07-08T16:35:55.395095 [INFO] 🚀 Starting Enhanced Elliott Wave Pipeline
2025-07-08T16:35:55.401460 [INFO] 🏗️ Initializing Elliott Wave System
2025-07-08T16:35:55.404837 [PROGRESS] Progress: 50% - Loading configuration
2025-07-08T16:35:55.907876 [PROGRESS] Progress: 100% - Initialization complete
2025-07-08T16:35:55.914332 [INFO] 📊 Loading market data
2025-07-08T16:37:42.451685 [PROGRESS] Progress: 50% - Processing data files
2025-07-08T16:37:42.955059 [PROGRESS] Progress: 100% - Data loading complete
2025-07-08T16:37:42.961162 [INFO] 🔍 Selecting optimal features
2025-07-08T17:43:55.504022 [PROGRESS] Progress: 50% - Running SHAP analysis
2025-07-08T17:43:56.010356 [PROGRESS] Progress: 100% - Feature selection complete
2025-07-08T17:43:56.016692 [INFO] 🧹 Preparing data for training
2025-07-08T17:43:56.020212 [PROGRESS] Progress: 50% - Normalizing features
2025-07-08T17:43:56.542290 [PROGRESS] Progress: 100% - Data preparation complete
2025-07-08T17:43:56.548473 [INFO] 🧠 Training CNN-LSTM model
2025-07-08T17:43:56.551343 [PROGRESS] Progress: 30% - Building model architecture
2025-07-08T17:43:57.554259 [PROGRESS] Progress: 70% - Training neural network
2025-07-08T17:43:58.559083 [PROGRESS] Progress: 100% - CNN-LSTM training complete
2025-07-08T17:43:58.565888 [INFO] 🎮 Training DQN agent
2025-07-08T17:43:58.569170 [PROGRESS] Progress: 30% - Initializing DQN agent
2025-07-08T17:43:59.572499 [PROGRESS] Progress: 70% - Training reinforcement learning
2025-07-08T17:44:00.577075 [PROGRESS] Progress: 100% - DQN training complete
2025-07-08T17:44:00.582960 [INFO] 🔗 Integrating models
2025-07-08T17:44:00.585744 [PROGRESS] Progress: 50% - Combining models
2025-07-08T17:44:01.088541 [PROGRESS] Progress: 100% - Integration complete
2025-07-08T17:44:01.094996 [INFO] ✨ Finalizing pipeline
2025-07-08T17:44:01.098816 [ERROR] Step FINALIZATION failed: 'EnhancedMenu1ElliottWave' object has no attribute '_validate_enterprise_with_progress'
2025-07-08T17:44:01.101912 [CRITICAL] 🚨 Pipeline failed: 'EnhancedMenu1ElliottWave' object has no attribute '_validate_enterprise_with_progress'
