=== NICEGOLD MENU 1 SESSION LOG ===
Session ID: 07e65bc3
Start Time: 2025-07-08T09:17:34.056005
Session Log: menu1_session_20250708_091734_07e65bc3.log
==================================================

2025-07-08T09:17:34.120910 [INFO] 🎊 Demonstrating completed Enterprise Menu 1 Logger
2025-07-08T09:17:34.134080 [SUCCESS] ✅ All features successfully implemented
2025-07-08T09:17:34.148213 [INFO] 🏗️ Testing step tracking system
2025-07-08T09:17:34.164779 [PROGRESS] Progress: 50% - System initialization
2025-07-08T09:17:34.678346 [PROGRESS] Progress: 100% - Initialization complete
2025-07-08T09:17:34.688786 [INFO] 🧠 Testing CNN training step
2025-07-08T09:17:34.701315 [PROGRESS] Progress: 30% - Building neural network
2025-07-08T09:17:35.223847 [PROGRESS] Progress: 70% - Training model
2025-07-08T09:17:35.730749 [PROGRESS] Progress: 100% - Training complete
2025-07-08T09:17:35.741011 [WARNING] ⚠️ Testing warning system
2025-07-08T09:17:35.753769 [ERROR] ❌ Testing error handling
2025-07-08T09:17:35.781126 [INFO] 🎯 Testing Menu 1 integration
2025-07-08T09:17:45.941400 [ERROR] ❌ Menu 1 integration test failed: No module named 'scipy'
2025-07-08T09:17:45.986233 [INFO] 📊 Integration completion summary:
2025-07-08T09:17:45.997714 [INFO]    Session ID: 07e65bc3
2025-07-08T09:17:46.014917 [INFO]    Total Steps: 10
2025-07-08T09:17:46.031475 [INFO]    Completed Steps: 2
2025-07-08T09:17:46.048655 [INFO]    Total Errors: 2
2025-07-08T09:17:46.067233 [INFO]    Total Warnings: 1
2025-07-08T09:17:46.087533 [SUCCESS] 🎉 Enterprise Menu 1 Logger Integration COMPLETE!
2025-07-08T09:17:46.101588 [SUCCESS] 🚀 System ready for production use!
2025-07-08T09:17:46.249156 [INFO] Session cleanup complete
