2025-07-01 14:07:11 | INFO | Menu 1 Full Pipeline Session Started - demo_20250701
2025-07-01 14:07:11 | INFO | Step 1: Data Loading & Validation - ⚡ RUNNING - Loading XAUUSD market data
2025-07-01 14:07:12 | INFO | SUCCESS in Data Loading & Validation: Data Loading & Validation completed successfully
2025-07-01 14:07:12 | INFO | Step 1: Data Loading & Validation - ✅ SUCCESS - Completed: Loading XAUUSD market data
2025-07-01 14:07:12 | INFO | Step 2: Elliott Wave Pattern Detection - ⚡ RUNNING - Analyzing wave patterns
2025-07-01 14:07:13 | INFO | SUCCESS in Elliott Wave Pattern Detection: Elliott Wave Pattern Detection completed successfully
2025-07-01 14:07:13 | INFO | Step 2: Elliott Wave Pattern Detection - ✅ SUCCESS - Completed: Analyzing wave patterns
2025-07-01 14:07:13 | INFO | Step 3: Advanced Feature Engineering - ⚡ RUNNING - Creating 50+ indicators
2025-07-01 14:07:14 | WARNING | WARNING in Advanced Feature Engineering: Some features have high correlation
2025-07-01 14:07:14 | INFO | Step 3: Advanced Feature Engineering - ✅ SUCCESS - Completed: Creating 50+ indicators
2025-07-01 14:07:14 | INFO | Step 4: SHAP + Optuna Feature Selection - ⚡ RUNNING - Optimizing features
2025-07-01 14:07:15 | INFO | SUCCESS in SHAP + Optuna Feature Selection: Feature selection completed with AUC=0.732
2025-07-01 14:07:15 | INFO | Metrics: {'selected_features': 25, 'auc_score': 0.732, 'optimization_trials': 150}
2025-07-01 14:07:15 | INFO | Step 4: SHAP + Optuna Feature Selection - ✅ SUCCESS - Completed: Optimizing features
2025-07-01 14:07:15 | INFO | Step 5: CNN-LSTM Model Training - ⚡ RUNNING - Training deep learning model
2025-07-01 14:07:16 | INFO | SUCCESS in CNN-LSTM Model Training: CNN-LSTM Model Training completed successfully
2025-07-01 14:07:16 | INFO | Step 5: CNN-LSTM Model Training - ✅ SUCCESS - Completed: Training deep learning model
2025-07-01 14:07:16 | INFO | Step 6: DQN Agent Training - ⚡ RUNNING - Training RL agent
2025-07-01 14:07:17 | INFO | SUCCESS in DQN Agent Training: DQN Agent Training completed successfully
2025-07-01 14:07:17 | INFO | Step 6: DQN Agent Training - ✅ SUCCESS - Completed: Training RL agent
2025-07-01 14:07:17 | INFO | Step 7: System Integration - ⚡ RUNNING - Integrating all components
2025-07-01 14:07:18 | INFO | SUCCESS in System Integration: System Integration completed successfully
2025-07-01 14:07:18 | INFO | Step 7: System Integration - ✅ SUCCESS - Completed: Integrating all components
2025-07-01 14:07:18 | INFO | Step 8: Performance Analysis - ⚡ RUNNING - Analyzing final metrics
2025-07-01 14:07:19 | INFO | SUCCESS in Performance Analysis: Performance Analysis completed successfully
2025-07-01 14:07:19 | INFO | Step 8: Performance Analysis - ✅ SUCCESS - Completed: Analyzing final metrics
2025-07-01 14:07:19 | INFO | Step 9: Quality Validation - ⚡ RUNNING - Validating enterprise requirements
2025-07-01 14:07:20 | INFO | SUCCESS in Quality Validation: Quality Validation completed successfully
2025-07-01 14:07:20 | INFO | Step 9: Quality Validation - ✅ SUCCESS - Completed: Validating enterprise requirements
2025-07-01 14:07:20 | INFO | Step 10: Results Export - ⚡ RUNNING - Exporting comprehensive reports
2025-07-01 14:07:21 | INFO | SUCCESS in Results Export: Results Export completed successfully
2025-07-01 14:07:21 | INFO | Step 10: Results Export - ✅ SUCCESS - Completed: Exporting comprehensive reports
2025-07-01 14:07:21 | INFO | Menu 1 Session Completed - Duration: 0:00:10.562153, Success Rate: 95.0%
2025-07-01 14:07:21 | INFO | Final Results: {'pipeline_status': 'completed', 'auc_score': 0.732, 'total_features': 25, 'sharpe_ratio': 1.45, 'max_drawdown': 0.08, 'win_rate': 67.3, 'enterprise_compliant': True, 'execution_time': '00:12:34'}
