2025-07-11 00:20:55,604 - NICEGOLD_PROJECT - INFO - NICEGOLD_PROJECT: System Info Initialized. Processing mode: CPU_OPTIMIZED_WITH_GPU_FALLBACK
2025-07-11 00:21:24,459 - NICEGOLD_PROJECT - INFO - NICEGOLD_PROJECT: Enhanced Menu 1 Initializing (Session: 20250711_002124)
2025-07-11 00:21:24,635 - NICEGOLD_PROJECT - INFO - NICEGOLD_PROJECT: Initializing components...
2025-07-11 00:21:24,638 - NICEGOLD_PROJECT - ERROR - NICEGOLD_PROJECT: Component initialization failed: EnterpriseModelManager.__init__() got an unexpected keyword argument 'paths'
2025-07-11 00:21:24,640 - NICEGOLD_PROJECT - CRITICAL - NICEGOLD_PROJECT: Enhanced Menu 1 failed to initialize: EnterpriseModelManager.__init__() got an unexpected keyword argument 'paths'
2025-07-11 00:21:43,848 - NICEGOLD_PROJECT - INFO - NICEGOLD_PROJECT: System Info Initialized. Processing mode: CPU_OPTIMIZED_WITH_GPU_FALLBACK
2025-07-11 00:21:44,337 - NICEGOLD_PROJECT - INFO - NICEGOLD_PROJECT: Enhanced Menu 1 Initializing (Session: 20250711_002144)
2025-07-11 00:21:44,517 - NICEGOLD_PROJECT - INFO - NICEGOLD_PROJECT: Initializing components...
2025-07-11 00:21:44,522 - NICEGOLD_PROJECT - ERROR - NICEGOLD_PROJECT: Component initialization failed: EnterpriseModelManager.__init__() got an unexpected keyword argument 'paths'
2025-07-11 00:21:44,525 - NICEGOLD_PROJECT - CRITICAL - NICEGOLD_PROJECT: Enhanced Menu 1 failed to initialize: EnterpriseModelManager.__init__() got an unexpected keyword argument 'paths'
2025-07-11 00:21:44,643 - NICEGOLD_PROJECT - INFO - NICEGOLD_PROJECT: System Info Initialized. Processing mode: CPU_OPTIMIZED_WITH_GPU_FALLBACK
2025-07-11 00:21:44,647 - NICEGOLD_PROJECT - INFO - NICEGOLD_PROJECT: Enhanced Menu 1 Initializing (Session: 20250711_002144)
2025-07-11 00:21:44,664 - NICEGOLD_PROJECT - INFO - NICEGOLD_PROJECT: Initializing components...
2025-07-11 00:21:44,667 - NICEGOLD_PROJECT - ERROR - NICEGOLD_PROJECT: Component initialization failed: EnterpriseModelManager.__init__() got an unexpected keyword argument 'paths'
2025-07-11 00:21:44,670 - NICEGOLD_PROJECT - CRITICAL - NICEGOLD_PROJECT: Enhanced Menu 1 failed to initialize: EnterpriseModelManager.__init__() got an unexpected keyword argument 'paths'
2025-07-11 00:25:50,098 - NICEGOLD_PROJECT - INFO - NICEGOLD_PROJECT: 🚀 Unified Enterprise Logger initialized successfully!
2025-07-11 00:25:50,104 - NICEGOLD_PROJECT - INFO - NICEGOLD_PROJECT: 📊 Session ID: 9b235156
2025-07-11 00:25:50,106 - NICEGOLD_PROJECT - INFO - NICEGOLD_PROJECT: 🖥️ Rich UI: Enabled
2025-07-11 00:25:50,143 - NICEGOLD_PROJECT - INFO - NICEGOLD_PROJECT: 📁 Project paths initialized: G:\My Drive\ProjectP-1
2025-07-11 00:25:50,160 - NICEGOLD_PROJECT - INFO - NICEGOLD_PROJECT: 🧠 High Memory Resource Manager initializing...
2025-07-11 00:25:50,205 - NICEGOLD_PROJECT - INFO - NICEGOLD_PROJECT: 🧠 High-RAM system detected: 31.3GB total, 13.4GB available
2025-07-11 00:25:50,225 - NICEGOLD_PROJECT - INFO - NICEGOLD_PROJECT: 📊 High-memory allocation: 10.7GB RAM (80%), 2 cores (17%)
2025-07-11 00:25:50,228 - NICEGOLD_PROJECT - INFO - NICEGOLD_PROJECT: 📊 CPU-efficient monitoring started
2025-07-11 00:25:50,232 - NICEGOLD_PROJECT - INFO - NICEGOLD_PROJECT: ✅ High Memory Resource Manager ready
2025-07-11 00:25:50,236 - NICEGOLD_PROJECT - INFO - NICEGOLD_PROJECT: ℹ️ Monitoring already active
2025-07-11 00:25:50,270 - NICEGOLD_PROJECT - INFO - NICEGOLD_PROJECT: 🔍 Initializing GPU detection system...
2025-07-11 00:25:50,313 - NICEGOLD_PROJECT - INFO - NICEGOLD_PROJECT: ✅ NVIDIA GPUs detected: 1 devices
2025-07-11 00:25:53,347 - NICEGOLD_PROJECT - WARNING - NICEGOLD_PROJECT: ⚠️ PyTorch CUDA support: Not available
2025-07-11 00:25:53,350 - NICEGOLD_PROJECT - WARNING - NICEGOLD_PROJECT: ⚠️ GPU detected but CUDA not available - will use CPU optimized mode
2025-07-11 00:25:58,063 - NICEGOLD_PROJECT - INFO - NICEGOLD_PROJECT: 🔧 TensorFlow configured for CPU mode (Enterprise Safe)
2025-07-11 00:25:58,066 - NICEGOLD_PROJECT - INFO - NICEGOLD_PROJECT: ℹ️ TensorFlow: No GPU devices detected
2025-07-11 00:25:58,069 - NICEGOLD_PROJECT - INFO - NICEGOLD_PROJECT: ⚡ Processing Mode: CPU_OPTIMIZED (GPU available as fallback)
2025-07-11 00:25:58,071 - NICEGOLD_PROJECT - INFO - NICEGOLD_PROJECT: 🔧 Enterprise GPU configuration applied
2025-07-11 00:25:58,073 - NICEGOLD_PROJECT - INFO - NICEGOLD_PROJECT: ✅ Production optimizations applied
2025-07-11 00:25:58,076 - NICEGOLD_PROJECT - INFO - NICEGOLD_PROJECT: 🏢 Enterprise GPU Manager initialized
2025-07-11 00:25:58,093 - NICEGOLD_PROJECT - INFO - NICEGOLD_PROJECT: System Info Initialized. Processing mode: CPU_OPTIMIZED_WITH_GPU_FALLBACK
2025-07-11 00:25:58,153 - NICEGOLD_PROJECT - CRITICAL - NICEGOLD_PROJECT: Failed to import EnhancedMenu1ElliottWave: No module named 'core.unified_config_manager'
2025-07-11 00:25:58,158 - NICEGOLD_PROJECT - INFO - NICEGOLD_PROJECT: ℹ️ Monitoring already active
2025-07-11 00:25:58,161 - NICEGOLD_PROJECT - INFO - NICEGOLD_PROJECT: 🔍 Initializing GPU detection system...
2025-07-11 00:25:58,187 - NICEGOLD_PROJECT - INFO - NICEGOLD_PROJECT: ✅ NVIDIA GPUs detected: 1 devices
2025-07-11 00:25:58,189 - NICEGOLD_PROJECT - WARNING - NICEGOLD_PROJECT: ⚠️ PyTorch CUDA support: Not available
2025-07-11 00:25:58,191 - NICEGOLD_PROJECT - WARNING - NICEGOLD_PROJECT: ⚠️ GPU detected but CUDA not available - will use CPU optimized mode
2025-07-11 00:25:58,195 - NICEGOLD_PROJECT - INFO - NICEGOLD_PROJECT: 🔧 TensorFlow configured for CPU mode (Enterprise Safe)
2025-07-11 00:25:58,197 - NICEGOLD_PROJECT - INFO - NICEGOLD_PROJECT: ℹ️ TensorFlow: No GPU devices detected
2025-07-11 00:25:58,199 - NICEGOLD_PROJECT - INFO - NICEGOLD_PROJECT: ⚡ Processing Mode: CPU_OPTIMIZED (GPU available as fallback)
2025-07-11 00:25:58,202 - NICEGOLD_PROJECT - INFO - NICEGOLD_PROJECT: 🔧 Enterprise GPU configuration applied
2025-07-11 00:25:58,205 - NICEGOLD_PROJECT - INFO - NICEGOLD_PROJECT: ✅ Production optimizations applied
2025-07-11 00:25:58,209 - NICEGOLD_PROJECT - INFO - NICEGOLD_PROJECT: 🏢 Enterprise GPU Manager initialized
2025-07-11 00:25:58,224 - NICEGOLD_PROJECT - INFO - NICEGOLD_PROJECT: System Info Initialized. Processing mode: CPU_OPTIMIZED_WITH_GPU_FALLBACK
2025-07-11 00:25:58,234 - NICEGOLD_PROJECT - CRITICAL - NICEGOLD_PROJECT: Failed to import EnhancedMenu1ElliottWave: No module named 'core.unified_config_manager'
2025-07-11 00:31:03,868 - NICEGOLD_PROJECT - INFO - NICEGOLD_PROJECT: 🚀 Unified Enterprise Logger initialized successfully!
2025-07-11 00:31:03,872 - NICEGOLD_PROJECT - INFO - NICEGOLD_PROJECT: 📊 Session ID: 64b598cc
2025-07-11 00:31:03,874 - NICEGOLD_PROJECT - INFO - NICEGOLD_PROJECT: 🖥️ Rich UI: Enabled
2025-07-11 00:31:03,917 - NICEGOLD_PROJECT - INFO - NICEGOLD_PROJECT: 📁 Project paths initialized: G:\My Drive\ProjectP-1
2025-07-11 00:31:05,803 - NICEGOLD_PROJECT - INFO - NICEGOLD_PROJECT: 🧠 High Memory Resource Manager initializing...
2025-07-11 00:31:05,895 - NICEGOLD_PROJECT - INFO - NICEGOLD_PROJECT: 🧠 High-RAM system detected: 31.3GB total, 13.6GB available
2025-07-11 00:31:05,912 - NICEGOLD_PROJECT - INFO - NICEGOLD_PROJECT: 📊 High-memory allocation: 10.9GB RAM (80%), 2 cores (17%)
2025-07-11 00:31:05,916 - NICEGOLD_PROJECT - INFO - NICEGOLD_PROJECT: 📊 CPU-efficient monitoring started
2025-07-11 00:31:05,919 - NICEGOLD_PROJECT - INFO - NICEGOLD_PROJECT: ✅ High Memory Resource Manager ready
2025-07-11 00:31:05,922 - NICEGOLD_PROJECT - INFO - NICEGOLD_PROJECT: ℹ️ Monitoring already active
2025-07-11 00:31:06,765 - NICEGOLD_PROJECT - INFO - NICEGOLD_PROJECT: 🔍 Initializing GPU detection system...
2025-07-11 00:31:06,815 - NICEGOLD_PROJECT - INFO - NICEGOLD_PROJECT: ✅ NVIDIA GPUs detected: 1 devices
2025-07-11 00:31:08,992 - NICEGOLD_PROJECT - WARNING - NICEGOLD_PROJECT: ⚠️ PyTorch CUDA support: Not available
2025-07-11 00:31:08,994 - NICEGOLD_PROJECT - WARNING - NICEGOLD_PROJECT: ⚠️ GPU detected but CUDA not available - will use CPU optimized mode
2025-07-11 00:31:14,307 - NICEGOLD_PROJECT - INFO - NICEGOLD_PROJECT: 🔧 TensorFlow configured for CPU mode (Enterprise Safe)
2025-07-11 00:31:14,311 - NICEGOLD_PROJECT - INFO - NICEGOLD_PROJECT: ℹ️ TensorFlow: No GPU devices detected
2025-07-11 00:31:14,314 - NICEGOLD_PROJECT - INFO - NICEGOLD_PROJECT: ⚡ Processing Mode: CPU_OPTIMIZED (GPU available as fallback)
2025-07-11 00:31:14,317 - NICEGOLD_PROJECT - INFO - NICEGOLD_PROJECT: 🔧 Enterprise GPU configuration applied
2025-07-11 00:31:14,320 - NICEGOLD_PROJECT - INFO - NICEGOLD_PROJECT: ✅ Production optimizations applied
2025-07-11 00:31:14,323 - NICEGOLD_PROJECT - INFO - NICEGOLD_PROJECT: 🏢 Enterprise GPU Manager initialized
2025-07-11 00:31:14,338 - NICEGOLD_PROJECT - INFO - NICEGOLD_PROJECT: System Info Initialized. Processing mode: CPU_OPTIMIZED_WITH_GPU_FALLBACK
2025-07-11 00:31:16,228 - NICEGOLD_PROJECT - CRITICAL - NICEGOLD_PROJECT: Failed to import EnhancedMenu1ElliottWave: No module named 'core.unified_config_manager'
2025-07-11 00:31:16,230 - NICEGOLD_PROJECT - INFO - NICEGOLD_PROJECT: Starting NICEGOLD Enterprise System...
