2025-07-01 13:54:54 | WARNING | TEST_LOGGER | warning:317 | [WARNING] WARNING: This is a warning message
2025-07-01 14:56:58 | ERROR | NICEGOLD_Enterprise | _import_menu_modules:32 | ❌ Failed to import Menu 1: No module named 'pandas'
2025-07-01 15:10:57 | ERROR | NICEGOLD_Enterprise | _import_menu_modules:32 | ❌ Failed to import Menu 1: Unable to import required dependencies:
numpy: DLL load failed while importing _umath_linalg: The specified module could not be found.
2025-07-01 15:18:00 | ERROR | NICEGOLD_Enterprise | _import_menu_modules:32 | ❌ Failed to import Menu 1: Unable to import required dependencies:
numpy: DLL load failed while importing _umath_linalg: The specified module could not be found.
2025-07-01 15:24:39 | ERROR | NICEGOLD_Enterprise | _import_menu_modules:32 | ❌ Failed to import Menu 1: Unable to import required dependencies:
numpy: DLL load failed while importing _umath_linalg: The specified module could not be found.
2025-07-01 15:29:51 | ERROR | NICEGOLD_Enterprise | _import_menu_modules:38 | ❌ Failed to import Menu 1: Unable to import required dependencies:
Unable to import required dependencies:
numpy: DLL load failed while importing _umath_linalg: The specified module could not be found.
2025-07-01 15:44:24 | ERROR | NICEGOLD_Enterprise | _import_menu_modules:38 | ❌ Failed to import Menu 1: Unable to import required dependencies:
Unable to import required dependencies:
numpy: DLL load failed while importing _umath_linalg: The specified module could not be found.
2025-07-01 09:50:46 | ERROR | NICEGOLD_Enterprise | run_full_pipeline:282 | ❌ Elliott Wave Pipeline failed: 'NicegoldOutputManager' object has no attribute 'generate_report'
2025-07-01 09:50:46 | ERROR | NICEGOLD_Enterprise | run_full_pipeline:283 | Traceback (most recent call last):
  File "/content/drive/MyDrive/ProjectP/menu_modules/menu_1_elliott_wave.py", line 259, in run_full_pipeline
    selected_features, selection_results = self.feature_selector.select_features(X, y)
              ^^^^^^^^^^^^^^^^^^^^^^^^^^^^^^^^^^^
AttributeError: 'NicegoldOutputManager' object has no attribute 'generate_report'

2025-07-01 10:39:20 | ERROR | NICEGOLD_Enterprise | _initialize_components:139 | ❌ Component initialization failed: ElliottWavePipelineOrchestrator.__init__() missing 4 required positional arguments: 'data_processor', 'cnn_lstm_engine', 'dqn_agent', and 'feature_selector'
2025-07-01 10:39:20 | ERROR | NICEGOLD_Enterprise | _import_menu_modules:43 | ❌ Menu 1 initialization failed: Menu initialization error: ElliottWavePipelineOrchestrator.__init__() missing 4 required positional arguments: 'data_processor', 'cnn_lstm_engine', 'dqn_agent', and 'feature_selector'
2025-07-01 11:35:27 | ERROR | NICEGOLD_Enterprise | execute_full_pipeline:270 | ❌ Pipeline execution failed: name 'pd' is not defined
2025-07-01 11:35:27 | ERROR | NICEGOLD_Enterprise | run_full_pipeline:169 | ❌ Elliott Wave Pipeline failed!
2025-07-01 15:00:15 | ERROR | NICEGOLD_Enterprise | _validate_enterprise_requirements:337 | ❌ AUC Score 0.0000 < 0.70 - Enterprise requirement failed!
2025-07-01 15:36:23 | ERROR | NICEGOLD_Enterprise | _validate_enterprise_requirements:337 | ❌ AUC Score 0.0000 < 0.70 - Enterprise requirement failed!
2025-07-01 16:10:00 | WARNING | NICEGOLD_Enterprise | main:108 | Operating without intelligent resource management
2025-07-01 16:24:57 | ERROR | NICEGOLD_Enterprise | _validate_enterprise_requirements:423 | ❌ AUC Score 0.5021 < 0.70 - Enterprise requirement failed!
2025-07-01 16:46:03 | WARNING | NICEGOLD_Enterprise | main:108 | Operating without intelligent resource management
2025-07-01 17:06:29 | ERROR | NICEGOLD_Enterprise | _validate_enterprise_requirements:423 | ❌ AUC Score 0.5236 < 0.70 - Enterprise requirement failed!
2025-07-01 17:06:29 | ERROR | NICEGOLD_Enterprise | run_full_pipeline:242 | ❌ Elliott Wave Pipeline failed: name 'อย่างสมบูรณ์' is not defined
2025-07-01 17:06:29 | ERROR | NICEGOLD_Enterprise | run_full_pipeline:243 | Traceback: Traceback (most recent call last):
  File "/mnt/data/projects/ProjectP/menu_modules/menu_1_elliott_wave.py", line 228, in run_full_pipeline
    self.logger.info("✅ All Elliott Wave components initialized successfully!")
    ^^^^^^^^^^^^^^^^^^^^^
  File "/mnt/data/projects/ProjectP/menu_modules/menu_1_elliott_wave.py", line 450, in _display_results
    ("🧠 Feature Selection", "SHAP + Optuna optimization"),
    ^^^^^^^^^^^^^^^^^^^^^^^^^^^^^^^^^
NameError: name 'อย่างสมบูรณ์' is not defined

2025-07-01 17:06:29 | ERROR | NICEGOLD_Enterprise | handle_menu_choice:255 | 💥 Menu error: EOF when reading a line
2025-07-01 17:06:29 | ERROR | NICEGOLD_Enterprise | start:353 | 💥 System error: EOF when reading a line
2025-07-01 17:10:19 | WARNING | NICEGOLD_Enterprise | main:160 | Operating without intelligent resource management
2025-07-01 17:10:19 | ERROR | NICEGOLD_Enterprise | _import_menu_modules:48 | ❌ Menu 1 initialization failed: Menu initialization error: unmatched '}' (menu_1_elliott_wave.py, line 639)
2025-07-01 17:51:41 | WARNING | NICEGOLD_Enterprise | main:160 | Operating without intelligent resource management
2025-07-01 17:58:21 | ERROR | NICEGOLD_Enterprise | main:103 | Auto-activation error: 'dict' object has no attribute 'get_activated_systems'
2025-07-01 18:25:12 | ERROR | NICEGOLD_Enterprise | create_elliott_wave_features:772 | ❌ Failed to create Elliott Wave features: 'ema_50'
2025-07-01 18:25:12 | ERROR | NICEGOLD_Enterprise | execute_full_pipeline:433 | ❌ Pipeline execution failed: 'ema_50'
2025-07-01 18:25:12 | ERROR | NICEGOLD_Enterprise | run_full_pipeline:280 | ❌ Elliott Wave Pipeline failed!
2025-07-01 18:26:52 | ERROR | NICEGOLD_Enterprise | create_elliott_wave_features:772 | ❌ Failed to create Elliott Wave features: 'ema_50'
2025-07-01 18:26:52 | ERROR | NICEGOLD_Enterprise | execute_full_pipeline:433 | ❌ Pipeline execution failed: 'ema_50'
2025-07-01 18:26:52 | ERROR | NICEGOLD_Enterprise | run_full_pipeline:280 | ❌ Elliott Wave Pipeline failed!
2025-07-01 18:31:20 | WARNING | NICEGOLD_Enterprise | _log_protection_summary:1340 | ⚠️  ALERTS:
2025-07-01 18:31:20 | WARNING | NICEGOLD_Enterprise | _log_protection_summary:1342 |    ⚠️ Overfitting detected - model generalization at risk
2025-07-01 18:31:20 | WARNING | NICEGOLD_Enterprise | _log_protection_summary:1342 |    ⚠️ High noise level detected
2025-07-01 18:31:20 | WARNING | NICEGOLD_Enterprise | _log_protection_summary:1342 |    ⚠️ Low data quality detected
2025-07-01 18:36:29 | WARNING | NICEGOLD_Enterprise | _log_protection_summary:1340 | ⚠️  ALERTS:
2025-07-01 18:36:29 | WARNING | NICEGOLD_Enterprise | _log_protection_summary:1342 |    ⚠️ Overfitting detected - model generalization at risk
2025-07-01 18:36:29 | WARNING | NICEGOLD_Enterprise | _log_protection_summary:1342 |    ⚠️ High noise level detected
2025-07-01 18:36:29 | WARNING | NICEGOLD_Enterprise | _log_protection_summary:1342 |    ⚠️ Low data quality detected
2025-07-01 18:43:32 | ERROR | NICEGOLD_Enterprise | execute_full_pipeline:433 | ❌ Pipeline execution failed: ❌ ENTERPRISE COMPLIANCE FAILURE: AUC 0.5207 < target 0.70. Production deployment BLOCKED.
2025-07-01 18:43:32 | ERROR | NICEGOLD_Enterprise | run_full_pipeline:280 | ❌ Elliott Wave Pipeline failed!
2025-07-01 18:48:32 | WARNING | NICEGOLD_Enterprise | _log_protection_summary:1476 | ⚠️  ALERTS:
2025-07-01 18:48:32 | WARNING | NICEGOLD_Enterprise | _log_protection_summary:1478 |    ⚠️ Overfitting detected - model generalization at risk
2025-07-01 18:48:32 | WARNING | NICEGOLD_Enterprise | _log_protection_summary:1478 |    ⚠️ High noise level detected
2025-07-01 18:48:32 | WARNING | NICEGOLD_Enterprise | _log_protection_summary:1478 |    ⚠️ Low data quality detected
2025-07-01 18:48:32 | WARNING | NICEGOLD_Enterprise | _log_protection_summary:1478 |    ❌ Overall risk too high for enterprise deployment
2025-07-01 18:48:32 | WARNING | NICEGOLD_Enterprise | _log_protection_summary:1478 |    ❌ Data quality below enterprise standards
