{"timestamp": "2025-07-03T04:42:12.275419", "level": "WARNING", "emoji": "\u26a0\ufe0f", "message": "\u26a0\ufe0f 1,771,969 dates could not be parsed, using sequential timestamps", "category": "Warning", "process_id": null, "session_id": "20250703_043920"}
{"timestamp": "2025-07-03T04:42:12.276933", "level": "WARNING", "emoji": "\u26a0\ufe0f", "message": "\u26a0\ufe0f Too many invalid dates (1,771,969/1,771,969), using full sequential timestamps", "category": "Warning", "process_id": null, "session_id": "20250703_043920"}
{"timestamp": "2025-07-03T04:46:27.702763", "level": "WARNING", "emoji": "\u26a0\ufe0f", "message": "\ud83d\udea8 Critical resource usage", "category": "Enhanced80RM", "process_id": null, "session_id": "20250703_043920", "data": {"cpu": 97.6, "memory": 35.6}}
{"timestamp": "2025-07-03T05:37:41.710272", "level": "WARNING", "emoji": "\u26a0\ufe0f", "message": "Skipping overfitting analysis - no model provided or sklearn unavailable", "category": "Overfitting_Detection", "process_id": null, "session_id": "20250703_043920"}
{"timestamp": "2025-07-03T06:25:57.623829", "level": "WARNING", "emoji": "\u26a0\ufe0f", "message": "\ud83d\udea8 Critical resource usage", "category": "Enhanced80RM", "process_id": null, "session_id": "20250703_043920", "data": {"cpu": 100.0, "memory": 37.0}}
{"timestamp": "2025-07-03T08:15:42.955210", "level": "WARNING", "emoji": "\u26a0\ufe0f", "message": "\u26a0\ufe0f Enterprise ML Protection: REVIEW REQUIRED", "category": "Protection_Results", "process_id": null, "session_id": "20250703_043920", "data": {"critical_issues": 0}}
{"timestamp": "2025-07-03T08:15:55.021925", "level": "WARNING", "emoji": "\u26a0\ufe0f", "message": "\ud83d\udea8 Critical resource usage", "category": "Enhanced80RM", "process_id": null, "session_id": "20250703_043920", "data": {"cpu": 100.0, "memory": 30.2}}
{"timestamp": "2025-07-03T08:16:15.124495", "level": "WARNING", "emoji": "\u26a0\ufe0f", "message": "\ud83d\udea8 Critical resource usage", "category": "Enhanced80RM", "process_id": null, "session_id": "20250703_043920", "data": {"cpu": 100.0, "memory": 29.8}}
{"timestamp": "2025-07-03T08:16:35.227158", "level": "WARNING", "emoji": "\u26a0\ufe0f", "message": "\ud83d\udea8 Critical resource usage", "category": "Enhanced80RM", "process_id": null, "session_id": "20250703_043920", "data": {"cpu": 100.0, "memory": 30.2}}
{"timestamp": "2025-07-03T08:16:55.340966", "level": "WARNING", "emoji": "\u26a0\ufe0f", "message": "\ud83d\udea8 Critical resource usage", "category": "Enhanced80RM", "process_id": null, "session_id": "20250703_043920", "data": {"cpu": 100.0, "memory": 30.1}}
{"timestamp": "2025-07-03T08:17:15.443873", "level": "WARNING", "emoji": "\u26a0\ufe0f", "message": "\ud83d\udea8 Critical resource usage", "category": "Enhanced80RM", "process_id": null, "session_id": "20250703_043920", "data": {"cpu": 100.0, "memory": 30.1}}
{"timestamp": "2025-07-03T08:17:35.546564", "level": "WARNING", "emoji": "\u26a0\ufe0f", "message": "\ud83d\udea8 Critical resource usage", "category": "Enhanced80RM", "process_id": null, "session_id": "20250703_043920", "data": {"cpu": 100.0, "memory": 30.2}}
{"timestamp": "2025-07-03T08:17:55.653701", "level": "WARNING", "emoji": "\u26a0\ufe0f", "message": "\ud83d\udea8 Critical resource usage", "category": "Enhanced80RM", "process_id": null, "session_id": "20250703_043920", "data": {"cpu": 100.0, "memory": 29.9}}
{"timestamp": "2025-07-03T08:18:15.756531", "level": "WARNING", "emoji": "\u26a0\ufe0f", "message": "\ud83d\udea8 Critical resource usage", "category": "Enhanced80RM", "process_id": null, "session_id": "20250703_043920", "data": {"cpu": 100.0, "memory": 29.9}}
{"timestamp": "2025-07-03T08:18:35.860128", "level": "WARNING", "emoji": "\u26a0\ufe0f", "message": "\ud83d\udea8 Critical resource usage", "category": "Enhanced80RM", "process_id": null, "session_id": "20250703_043920", "data": {"cpu": 100.0, "memory": 29.9}}
{"timestamp": "2025-07-03T08:18:55.962912", "level": "WARNING", "emoji": "\u26a0\ufe0f", "message": "\ud83d\udea8 Critical resource usage", "category": "Enhanced80RM", "process_id": null, "session_id": "20250703_043920", "data": {"cpu": 100.0, "memory": 29.9}}
{"timestamp": "2025-07-03T08:19:16.065852", "level": "WARNING", "emoji": "\u26a0\ufe0f", "message": "\ud83d\udea8 Critical resource usage", "category": "Enhanced80RM", "process_id": null, "session_id": "20250703_043920", "data": {"cpu": 100.0, "memory": 30.7}}
{"timestamp": "2025-07-03T08:19:36.168971", "level": "WARNING", "emoji": "\u26a0\ufe0f", "message": "\ud83d\udea8 Critical resource usage", "category": "Enhanced80RM", "process_id": null, "session_id": "20250703_043920", "data": {"cpu": 100.0, "memory": 30.9}}
{"timestamp": "2025-07-03T08:19:56.272203", "level": "WARNING", "emoji": "\u26a0\ufe0f", "message": "\ud83d\udea8 Critical resource usage", "category": "Enhanced80RM", "process_id": null, "session_id": "20250703_043920", "data": {"cpu": 100.0, "memory": 30.2}}
{"timestamp": "2025-07-03T08:20:16.375158", "level": "WARNING", "emoji": "\u26a0\ufe0f", "message": "\ud83d\udea8 Critical resource usage", "category": "Enhanced80RM", "process_id": null, "session_id": "20250703_043920", "data": {"cpu": 100.0, "memory": 30.3}}
{"timestamp": "2025-07-03T08:20:36.477973", "level": "WARNING", "emoji": "\u26a0\ufe0f", "message": "\ud83d\udea8 Critical resource usage", "category": "Enhanced80RM", "process_id": null, "session_id": "20250703_043920", "data": {"cpu": 100.0, "memory": 30.7}}
{"timestamp": "2025-07-03T08:20:56.580961", "level": "WARNING", "emoji": "\u26a0\ufe0f", "message": "\ud83d\udea8 Critical resource usage", "category": "Enhanced80RM", "process_id": null, "session_id": "20250703_043920", "data": {"cpu": 100.0, "memory": 30.8}}
{"timestamp": "2025-07-03T08:21:16.684202", "level": "WARNING", "emoji": "\u26a0\ufe0f", "message": "\ud83d\udea8 Critical resource usage", "category": "Enhanced80RM", "process_id": null, "session_id": "20250703_043920", "data": {"cpu": 100.0, "memory": 30.6}}
{"timestamp": "2025-07-03T08:21:36.786649", "level": "WARNING", "emoji": "\u26a0\ufe0f", "message": "\ud83d\udea8 Critical resource usage", "category": "Enhanced80RM", "process_id": null, "session_id": "20250703_043920", "data": {"cpu": 100.0, "memory": 30.6}}
{"timestamp": "2025-07-03T08:21:56.890699", "level": "WARNING", "emoji": "\u26a0\ufe0f", "message": "\ud83d\udea8 Critical resource usage", "category": "Enhanced80RM", "process_id": null, "session_id": "20250703_043920", "data": {"cpu": 100.0, "memory": 31.2}}
{"timestamp": "2025-07-03T08:22:16.998274", "level": "WARNING", "emoji": "\u26a0\ufe0f", "message": "\ud83d\udea8 Critical resource usage", "category": "Enhanced80RM", "process_id": null, "session_id": "20250703_043920", "data": {"cpu": 100.0, "memory": 30.3}}
{"timestamp": "2025-07-03T08:22:37.102411", "level": "WARNING", "emoji": "\u26a0\ufe0f", "message": "\ud83d\udea8 Critical resource usage", "category": "Enhanced80RM", "process_id": null, "session_id": "20250703_043920", "data": {"cpu": 100.0, "memory": 30.2}}
{"timestamp": "2025-07-03T08:22:57.205550", "level": "WARNING", "emoji": "\u26a0\ufe0f", "message": "\ud83d\udea8 Critical resource usage", "category": "Enhanced80RM", "process_id": null, "session_id": "20250703_043920", "data": {"cpu": 100.0, "memory": 30.3}}
{"timestamp": "2025-07-03T08:23:17.308297", "level": "WARNING", "emoji": "\u26a0\ufe0f", "message": "\ud83d\udea8 Critical resource usage", "category": "Enhanced80RM", "process_id": null, "session_id": "20250703_043920", "data": {"cpu": 100.0, "memory": 30.4}}
{"timestamp": "2025-07-03T08:23:37.410923", "level": "WARNING", "emoji": "\u26a0\ufe0f", "message": "\ud83d\udea8 Critical resource usage", "category": "Enhanced80RM", "process_id": null, "session_id": "20250703_043920", "data": {"cpu": 100.0, "memory": 30.5}}
{"timestamp": "2025-07-03T08:23:57.514330", "level": "WARNING", "emoji": "\u26a0\ufe0f", "message": "\ud83d\udea8 Critical resource usage", "category": "Enhanced80RM", "process_id": null, "session_id": "20250703_043920", "data": {"cpu": 100.0, "memory": 30.6}}
{"timestamp": "2025-07-03T08:24:17.617468", "level": "WARNING", "emoji": "\u26a0\ufe0f", "message": "\ud83d\udea8 Critical resource usage", "category": "Enhanced80RM", "process_id": null, "session_id": "20250703_043920", "data": {"cpu": 100.0, "memory": 30.4}}
{"timestamp": "2025-07-03T08:24:37.722524", "level": "WARNING", "emoji": "\u26a0\ufe0f", "message": "\ud83d\udea8 Critical resource usage", "category": "Enhanced80RM", "process_id": null, "session_id": "20250703_043920", "data": {"cpu": 100.0, "memory": 30.4}}
{"timestamp": "2025-07-03T08:24:57.825480", "level": "WARNING", "emoji": "\u26a0\ufe0f", "message": "\ud83d\udea8 Critical resource usage", "category": "Enhanced80RM", "process_id": null, "session_id": "20250703_043920", "data": {"cpu": 100.0, "memory": 30.4}}
{"timestamp": "2025-07-03T08:25:17.928266", "level": "WARNING", "emoji": "\u26a0\ufe0f", "message": "\ud83d\udea8 Critical resource usage", "category": "Enhanced80RM", "process_id": null, "session_id": "20250703_043920", "data": {"cpu": 100.0, "memory": 30.3}}
{"timestamp": "2025-07-03T08:25:38.035294", "level": "WARNING", "emoji": "\u26a0\ufe0f", "message": "\ud83d\udea8 Critical resource usage", "category": "Enhanced80RM", "process_id": null, "session_id": "20250703_043920", "data": {"cpu": 100.0, "memory": 30.3}}
{"timestamp": "2025-07-03T08:25:58.138043", "level": "WARNING", "emoji": "\u26a0\ufe0f", "message": "\ud83d\udea8 Critical resource usage", "category": "Enhanced80RM", "process_id": null, "session_id": "20250703_043920", "data": {"cpu": 100.0, "memory": 30.3}}
{"timestamp": "2025-07-03T08:26:18.241533", "level": "WARNING", "emoji": "\u26a0\ufe0f", "message": "\ud83d\udea8 Critical resource usage", "category": "Enhanced80RM", "process_id": null, "session_id": "20250703_043920", "data": {"cpu": 100.0, "memory": 30.4}}
{"timestamp": "2025-07-03T08:26:38.344452", "level": "WARNING", "emoji": "\u26a0\ufe0f", "message": "\ud83d\udea8 Critical resource usage", "category": "Enhanced80RM", "process_id": null, "session_id": "20250703_043920", "data": {"cpu": 100.0, "memory": 30.4}}
{"timestamp": "2025-07-03T08:26:58.450572", "level": "WARNING", "emoji": "\u26a0\ufe0f", "message": "\ud83d\udea8 Critical resource usage", "category": "Enhanced80RM", "process_id": null, "session_id": "20250703_043920", "data": {"cpu": 100.0, "memory": 30.4}}
{"timestamp": "2025-07-03T08:27:18.553386", "level": "WARNING", "emoji": "\u26a0\ufe0f", "message": "\ud83d\udea8 Critical resource usage", "category": "Enhanced80RM", "process_id": null, "session_id": "20250703_043920", "data": {"cpu": 100.0, "memory": 30.4}}
{"timestamp": "2025-07-03T08:27:38.657292", "level": "WARNING", "emoji": "\u26a0\ufe0f", "message": "\ud83d\udea8 Critical resource usage", "category": "Enhanced80RM", "process_id": null, "session_id": "20250703_043920", "data": {"cpu": 100.0, "memory": 30.5}}
{"timestamp": "2025-07-03T08:27:58.760315", "level": "WARNING", "emoji": "\u26a0\ufe0f", "message": "\ud83d\udea8 Critical resource usage", "category": "Enhanced80RM", "process_id": null, "session_id": "20250703_043920", "data": {"cpu": 100.0, "memory": 30.5}}
{"timestamp": "2025-07-03T08:28:18.863266", "level": "WARNING", "emoji": "\u26a0\ufe0f", "message": "\ud83d\udea8 Critical resource usage", "category": "Enhanced80RM", "process_id": null, "session_id": "20250703_043920", "data": {"cpu": 100.0, "memory": 30.6}}
{"timestamp": "2025-07-03T08:28:38.966253", "level": "WARNING", "emoji": "\u26a0\ufe0f", "message": "\ud83d\udea8 Critical resource usage", "category": "Enhanced80RM", "process_id": null, "session_id": "20250703_043920", "data": {"cpu": 100.0, "memory": 30.6}}
{"timestamp": "2025-07-03T08:28:59.069328", "level": "WARNING", "emoji": "\u26a0\ufe0f", "message": "\ud83d\udea8 Critical resource usage", "category": "Enhanced80RM", "process_id": null, "session_id": "20250703_043920", "data": {"cpu": 100.0, "memory": 30.7}}
{"timestamp": "2025-07-03T08:29:19.173687", "level": "WARNING", "emoji": "\u26a0\ufe0f", "message": "\ud83d\udea8 Critical resource usage", "category": "Enhanced80RM", "process_id": null, "session_id": "20250703_043920", "data": {"cpu": 100.0, "memory": 30.7}}
{"timestamp": "2025-07-03T08:29:39.278292", "level": "WARNING", "emoji": "\u26a0\ufe0f", "message": "\ud83d\udea8 Critical resource usage", "category": "Enhanced80RM", "process_id": null, "session_id": "20250703_043920", "data": {"cpu": 100.0, "memory": 30.6}}
{"timestamp": "2025-07-03T08:29:59.381251", "level": "WARNING", "emoji": "\u26a0\ufe0f", "message": "\ud83d\udea8 Critical resource usage", "category": "Enhanced80RM", "process_id": null, "session_id": "20250703_043920", "data": {"cpu": 100.0, "memory": 30.7}}
{"timestamp": "2025-07-03T08:30:19.484182", "level": "WARNING", "emoji": "\u26a0\ufe0f", "message": "\ud83d\udea8 Critical resource usage", "category": "Enhanced80RM", "process_id": null, "session_id": "20250703_043920", "data": {"cpu": 100.0, "memory": 30.7}}
{"timestamp": "2025-07-03T08:30:39.587096", "level": "WARNING", "emoji": "\u26a0\ufe0f", "message": "\ud83d\udea8 Critical resource usage", "category": "Enhanced80RM", "process_id": null, "session_id": "20250703_043920", "data": {"cpu": 100.0, "memory": 30.7}}
{"timestamp": "2025-07-03T08:30:59.693910", "level": "WARNING", "emoji": "\u26a0\ufe0f", "message": "\ud83d\udea8 Critical resource usage", "category": "Enhanced80RM", "process_id": null, "session_id": "20250703_043920", "data": {"cpu": 100.0, "memory": 30.7}}
{"timestamp": "2025-07-03T08:31:19.807005", "level": "WARNING", "emoji": "\u26a0\ufe0f", "message": "\ud83d\udea8 Critical resource usage", "category": "Enhanced80RM", "process_id": null, "session_id": "20250703_043920", "data": {"cpu": 100.0, "memory": 30.7}}
{"timestamp": "2025-07-03T08:31:39.910459", "level": "WARNING", "emoji": "\u26a0\ufe0f", "message": "\ud83d\udea8 Critical resource usage", "category": "Enhanced80RM", "process_id": null, "session_id": "20250703_043920", "data": {"cpu": 100.0, "memory": 30.8}}
{"timestamp": "2025-07-03T08:32:00.013310", "level": "WARNING", "emoji": "\u26a0\ufe0f", "message": "\ud83d\udea8 Critical resource usage", "category": "Enhanced80RM", "process_id": null, "session_id": "20250703_043920", "data": {"cpu": 100.0, "memory": 30.8}}
{"timestamp": "2025-07-03T08:32:20.115781", "level": "WARNING", "emoji": "\u26a0\ufe0f", "message": "\ud83d\udea8 Critical resource usage", "category": "Enhanced80RM", "process_id": null, "session_id": "20250703_043920", "data": {"cpu": 100.0, "memory": 30.8}}
{"timestamp": "2025-07-03T08:32:40.218615", "level": "WARNING", "emoji": "\u26a0\ufe0f", "message": "\ud83d\udea8 Critical resource usage", "category": "Enhanced80RM", "process_id": null, "session_id": "20250703_043920", "data": {"cpu": 100.0, "memory": 30.8}}
{"timestamp": "2025-07-03T08:33:00.321647", "level": "WARNING", "emoji": "\u26a0\ufe0f", "message": "\ud83d\udea8 Critical resource usage", "category": "Enhanced80RM", "process_id": null, "session_id": "20250703_043920", "data": {"cpu": 100.0, "memory": 30.7}}
{"timestamp": "2025-07-03T08:33:20.424468", "level": "WARNING", "emoji": "\u26a0\ufe0f", "message": "\ud83d\udea8 Critical resource usage", "category": "Enhanced80RM", "process_id": null, "session_id": "20250703_043920", "data": {"cpu": 100.0, "memory": 32.4}}
{"timestamp": "2025-07-03T08:33:40.527819", "level": "WARNING", "emoji": "\u26a0\ufe0f", "message": "\ud83d\udea8 Critical resource usage", "category": "Enhanced80RM", "process_id": null, "session_id": "20250703_043920", "data": {"cpu": 100.0, "memory": 31.2}}
{"timestamp": "2025-07-03T08:34:00.631994", "level": "WARNING", "emoji": "\u26a0\ufe0f", "message": "\ud83d\udea8 Critical resource usage", "category": "Enhanced80RM", "process_id": null, "session_id": "20250703_043920", "data": {"cpu": 100.0, "memory": 30.8}}
{"timestamp": "2025-07-03T08:34:20.736358", "level": "WARNING", "emoji": "\u26a0\ufe0f", "message": "\ud83d\udea8 Critical resource usage", "category": "Enhanced80RM", "process_id": null, "session_id": "20250703_043920", "data": {"cpu": 100.0, "memory": 30.8}}
{"timestamp": "2025-07-03T08:34:40.840730", "level": "WARNING", "emoji": "\u26a0\ufe0f", "message": "\ud83d\udea8 Critical resource usage", "category": "Enhanced80RM", "process_id": null, "session_id": "20250703_043920", "data": {"cpu": 100.0, "memory": 30.8}}
{"timestamp": "2025-07-03T08:35:00.952737", "level": "WARNING", "emoji": "\u26a0\ufe0f", "message": "\ud83d\udea8 Critical resource usage", "category": "Enhanced80RM", "process_id": null, "session_id": "20250703_043920", "data": {"cpu": 100.0, "memory": 30.8}}
{"timestamp": "2025-07-03T08:35:21.055407", "level": "WARNING", "emoji": "\u26a0\ufe0f", "message": "\ud83d\udea8 Critical resource usage", "category": "Enhanced80RM", "process_id": null, "session_id": "20250703_043920", "data": {"cpu": 100.0, "memory": 30.8}}
{"timestamp": "2025-07-03T08:35:41.158161", "level": "WARNING", "emoji": "\u26a0\ufe0f", "message": "\ud83d\udea8 Critical resource usage", "category": "Enhanced80RM", "process_id": null, "session_id": "20250703_043920", "data": {"cpu": 100.0, "memory": 30.9}}
{"timestamp": "2025-07-03T08:36:01.268235", "level": "WARNING", "emoji": "\u26a0\ufe0f", "message": "\ud83d\udea8 Critical resource usage", "category": "Enhanced80RM", "process_id": null, "session_id": "20250703_043920", "data": {"cpu": 100.0, "memory": 30.9}}
{"timestamp": "2025-07-03T08:36:21.371254", "level": "WARNING", "emoji": "\u26a0\ufe0f", "message": "\ud83d\udea8 Critical resource usage", "category": "Enhanced80RM", "process_id": null, "session_id": "20250703_043920", "data": {"cpu": 100.0, "memory": 30.9}}
{"timestamp": "2025-07-03T08:36:41.474650", "level": "WARNING", "emoji": "\u26a0\ufe0f", "message": "\ud83d\udea8 Critical resource usage", "category": "Enhanced80RM", "process_id": null, "session_id": "20250703_043920", "data": {"cpu": 100.0, "memory": 30.9}}
{"timestamp": "2025-07-03T08:37:01.583385", "level": "WARNING", "emoji": "\u26a0\ufe0f", "message": "\ud83d\udea8 Critical resource usage", "category": "Enhanced80RM", "process_id": null, "session_id": "20250703_043920", "data": {"cpu": 100.0, "memory": 30.9}}
{"timestamp": "2025-07-03T08:37:21.686991", "level": "WARNING", "emoji": "\u26a0\ufe0f", "message": "\ud83d\udea8 Critical resource usage", "category": "Enhanced80RM", "process_id": null, "session_id": "20250703_043920", "data": {"cpu": 100.0, "memory": 30.9}}
{"timestamp": "2025-07-03T08:37:41.790633", "level": "WARNING", "emoji": "\u26a0\ufe0f", "message": "\ud83d\udea8 Critical resource usage", "category": "Enhanced80RM", "process_id": null, "session_id": "20250703_043920", "data": {"cpu": 100.0, "memory": 31.0}}
{"timestamp": "2025-07-03T08:38:01.893903", "level": "WARNING", "emoji": "\u26a0\ufe0f", "message": "\ud83d\udea8 Critical resource usage", "category": "Enhanced80RM", "process_id": null, "session_id": "20250703_043920", "data": {"cpu": 100.0, "memory": 31.0}}
{"timestamp": "2025-07-03T08:38:21.996732", "level": "WARNING", "emoji": "\u26a0\ufe0f", "message": "\ud83d\udea8 Critical resource usage", "category": "Enhanced80RM", "process_id": null, "session_id": "20250703_043920", "data": {"cpu": 100.0, "memory": 31.0}}
{"timestamp": "2025-07-03T08:38:42.101298", "level": "WARNING", "emoji": "\u26a0\ufe0f", "message": "\ud83d\udea8 Critical resource usage", "category": "Enhanced80RM", "process_id": null, "session_id": "20250703_043920", "data": {"cpu": 100.0, "memory": 31.0}}
{"timestamp": "2025-07-03T08:39:02.204464", "level": "WARNING", "emoji": "\u26a0\ufe0f", "message": "\ud83d\udea8 Critical resource usage", "category": "Enhanced80RM", "process_id": null, "session_id": "20250703_043920", "data": {"cpu": 100.0, "memory": 31.0}}
{"timestamp": "2025-07-03T08:39:22.307364", "level": "WARNING", "emoji": "\u26a0\ufe0f", "message": "\ud83d\udea8 Critical resource usage", "category": "Enhanced80RM", "process_id": null, "session_id": "20250703_043920", "data": {"cpu": 100.0, "memory": 31.0}}
{"timestamp": "2025-07-03T08:39:42.410262", "level": "WARNING", "emoji": "\u26a0\ufe0f", "message": "\ud83d\udea8 Critical resource usage", "category": "Enhanced80RM", "process_id": null, "session_id": "20250703_043920", "data": {"cpu": 100.0, "memory": 31.0}}
{"timestamp": "2025-07-03T08:40:02.513233", "level": "WARNING", "emoji": "\u26a0\ufe0f", "message": "\ud83d\udea8 Critical resource usage", "category": "Enhanced80RM", "process_id": null, "session_id": "20250703_043920", "data": {"cpu": 100.0, "memory": 31.0}}
{"timestamp": "2025-07-03T08:40:22.616245", "level": "WARNING", "emoji": "\u26a0\ufe0f", "message": "\ud83d\udea8 Critical resource usage", "category": "Enhanced80RM", "process_id": null, "session_id": "20250703_043920", "data": {"cpu": 100.0, "memory": 30.9}}
{"timestamp": "2025-07-03T08:40:42.719170", "level": "WARNING", "emoji": "\u26a0\ufe0f", "message": "\ud83d\udea8 Critical resource usage", "category": "Enhanced80RM", "process_id": null, "session_id": "20250703_043920", "data": {"cpu": 100.0, "memory": 31.0}}
{"timestamp": "2025-07-03T08:41:02.822822", "level": "WARNING", "emoji": "\u26a0\ufe0f", "message": "\ud83d\udea8 Critical resource usage", "category": "Enhanced80RM", "process_id": null, "session_id": "20250703_043920", "data": {"cpu": 100.0, "memory": 31.0}}
{"timestamp": "2025-07-03T08:41:22.926589", "level": "WARNING", "emoji": "\u26a0\ufe0f", "message": "\ud83d\udea8 Critical resource usage", "category": "Enhanced80RM", "process_id": null, "session_id": "20250703_043920", "data": {"cpu": 100.0, "memory": 31.0}}
{"timestamp": "2025-07-03T08:41:43.029885", "level": "WARNING", "emoji": "\u26a0\ufe0f", "message": "\ud83d\udea8 Critical resource usage", "category": "Enhanced80RM", "process_id": null, "session_id": "20250703_043920", "data": {"cpu": 100.0, "memory": 31.1}}
{"timestamp": "2025-07-03T08:42:03.133411", "level": "WARNING", "emoji": "\u26a0\ufe0f", "message": "\ud83d\udea8 Critical resource usage", "category": "Enhanced80RM", "process_id": null, "session_id": "20250703_043920", "data": {"cpu": 100.0, "memory": 31.1}}
{"timestamp": "2025-07-03T08:42:23.236183", "level": "WARNING", "emoji": "\u26a0\ufe0f", "message": "\ud83d\udea8 Critical resource usage", "category": "Enhanced80RM", "process_id": null, "session_id": "20250703_043920", "data": {"cpu": 100.0, "memory": 31.1}}
{"timestamp": "2025-07-03T08:42:43.340739", "level": "WARNING", "emoji": "\u26a0\ufe0f", "message": "\ud83d\udea8 Critical resource usage", "category": "Enhanced80RM", "process_id": null, "session_id": "20250703_043920", "data": {"cpu": 100.0, "memory": 31.1}}
{"timestamp": "2025-07-03T08:43:03.449288", "level": "WARNING", "emoji": "\u26a0\ufe0f", "message": "\ud83d\udea8 Critical resource usage", "category": "Enhanced80RM", "process_id": null, "session_id": "20250703_043920", "data": {"cpu": 100.0, "memory": 31.1}}
{"timestamp": "2025-07-03T08:43:23.552123", "level": "WARNING", "emoji": "\u26a0\ufe0f", "message": "\ud83d\udea8 Critical resource usage", "category": "Enhanced80RM", "process_id": null, "session_id": "20250703_043920", "data": {"cpu": 100.0, "memory": 31.3}}
{"timestamp": "2025-07-03T08:43:43.656016", "level": "WARNING", "emoji": "\u26a0\ufe0f", "message": "\ud83d\udea8 Critical resource usage", "category": "Enhanced80RM", "process_id": null, "session_id": "20250703_043920", "data": {"cpu": 100.0, "memory": 31.2}}
{"timestamp": "2025-07-03T08:44:03.758754", "level": "WARNING", "emoji": "\u26a0\ufe0f", "message": "\ud83d\udea8 Critical resource usage", "category": "Enhanced80RM", "process_id": null, "session_id": "20250703_043920", "data": {"cpu": 100.0, "memory": 31.2}}
{"timestamp": "2025-07-03T08:44:23.861547", "level": "WARNING", "emoji": "\u26a0\ufe0f", "message": "\ud83d\udea8 Critical resource usage", "category": "Enhanced80RM", "process_id": null, "session_id": "20250703_043920", "data": {"cpu": 100.0, "memory": 31.2}}
{"timestamp": "2025-07-03T08:44:43.964458", "level": "WARNING", "emoji": "\u26a0\ufe0f", "message": "\ud83d\udea8 Critical resource usage", "category": "Enhanced80RM", "process_id": null, "session_id": "20250703_043920", "data": {"cpu": 100.0, "memory": 31.2}}
{"timestamp": "2025-07-03T08:45:04.067543", "level": "WARNING", "emoji": "\u26a0\ufe0f", "message": "\ud83d\udea8 Critical resource usage", "category": "Enhanced80RM", "process_id": null, "session_id": "20250703_043920", "data": {"cpu": 100.0, "memory": 31.3}}
{"timestamp": "2025-07-03T08:45:24.170268", "level": "WARNING", "emoji": "\u26a0\ufe0f", "message": "\ud83d\udea8 Critical resource usage", "category": "Enhanced80RM", "process_id": null, "session_id": "20250703_043920", "data": {"cpu": 100.0, "memory": 31.4}}
{"timestamp": "2025-07-03T08:45:44.273790", "level": "WARNING", "emoji": "\u26a0\ufe0f", "message": "\ud83d\udea8 Critical resource usage", "category": "Enhanced80RM", "process_id": null, "session_id": "20250703_043920", "data": {"cpu": 100.0, "memory": 31.4}}
{"timestamp": "2025-07-03T08:46:04.376586", "level": "WARNING", "emoji": "\u26a0\ufe0f", "message": "\ud83d\udea8 Critical resource usage", "category": "Enhanced80RM", "process_id": null, "session_id": "20250703_043920", "data": {"cpu": 100.0, "memory": 31.4}}
{"timestamp": "2025-07-03T08:46:24.486250", "level": "WARNING", "emoji": "\u26a0\ufe0f", "message": "\ud83d\udea8 Critical resource usage", "category": "Enhanced80RM", "process_id": null, "session_id": "20250703_043920", "data": {"cpu": 100.0, "memory": 31.3}}
{"timestamp": "2025-07-03T08:46:44.592856", "level": "WARNING", "emoji": "\u26a0\ufe0f", "message": "\ud83d\udea8 Critical resource usage", "category": "Enhanced80RM", "process_id": null, "session_id": "20250703_043920", "data": {"cpu": 100.0, "memory": 31.5}}
{"timestamp": "2025-07-03T08:47:04.696437", "level": "WARNING", "emoji": "\u26a0\ufe0f", "message": "\ud83d\udea8 Critical resource usage", "category": "Enhanced80RM", "process_id": null, "session_id": "20250703_043920", "data": {"cpu": 100.0, "memory": 31.7}}
{"timestamp": "2025-07-03T08:47:24.799939", "level": "WARNING", "emoji": "\u26a0\ufe0f", "message": "\ud83d\udea8 Critical resource usage", "category": "Enhanced80RM", "process_id": null, "session_id": "20250703_043920", "data": {"cpu": 100.0, "memory": 31.6}}
{"timestamp": "2025-07-03T08:47:44.903277", "level": "WARNING", "emoji": "\u26a0\ufe0f", "message": "\ud83d\udea8 Critical resource usage", "category": "Enhanced80RM", "process_id": null, "session_id": "20250703_043920", "data": {"cpu": 100.0, "memory": 31.6}}
{"timestamp": "2025-07-03T08:48:05.005978", "level": "WARNING", "emoji": "\u26a0\ufe0f", "message": "\ud83d\udea8 Critical resource usage", "category": "Enhanced80RM", "process_id": null, "session_id": "20250703_043920", "data": {"cpu": 100.0, "memory": 31.6}}
{"timestamp": "2025-07-03T08:48:25.109941", "level": "WARNING", "emoji": "\u26a0\ufe0f", "message": "\ud83d\udea8 Critical resource usage", "category": "Enhanced80RM", "process_id": null, "session_id": "20250703_043920", "data": {"cpu": 100.0, "memory": 31.7}}
{"timestamp": "2025-07-03T08:48:45.213787", "level": "WARNING", "emoji": "\u26a0\ufe0f", "message": "\ud83d\udea8 Critical resource usage", "category": "Enhanced80RM", "process_id": null, "session_id": "20250703_043920", "data": {"cpu": 100.0, "memory": 31.8}}
{"timestamp": "2025-07-03T08:49:05.317441", "level": "WARNING", "emoji": "\u26a0\ufe0f", "message": "\ud83d\udea8 Critical resource usage", "category": "Enhanced80RM", "process_id": null, "session_id": "20250703_043920", "data": {"cpu": 100.0, "memory": 31.9}}
{"timestamp": "2025-07-03T08:49:25.420272", "level": "WARNING", "emoji": "\u26a0\ufe0f", "message": "\ud83d\udea8 Critical resource usage", "category": "Enhanced80RM", "process_id": null, "session_id": "20250703_043920", "data": {"cpu": 100.0, "memory": 31.7}}
{"timestamp": "2025-07-03T08:49:45.523154", "level": "WARNING", "emoji": "\u26a0\ufe0f", "message": "\ud83d\udea8 Critical resource usage", "category": "Enhanced80RM", "process_id": null, "session_id": "20250703_043920", "data": {"cpu": 100.0, "memory": 31.8}}
{"timestamp": "2025-07-03T08:50:05.626485", "level": "WARNING", "emoji": "\u26a0\ufe0f", "message": "\ud83d\udea8 Critical resource usage", "category": "Enhanced80RM", "process_id": null, "session_id": "20250703_043920", "data": {"cpu": 100.0, "memory": 32.0}}
{"timestamp": "2025-07-03T08:50:25.729045", "level": "WARNING", "emoji": "\u26a0\ufe0f", "message": "\ud83d\udea8 Critical resource usage", "category": "Enhanced80RM", "process_id": null, "session_id": "20250703_043920", "data": {"cpu": 100.0, "memory": 32.2}}
{"timestamp": "2025-07-03T08:50:45.832000", "level": "WARNING", "emoji": "\u26a0\ufe0f", "message": "\ud83d\udea8 Critical resource usage", "category": "Enhanced80RM", "process_id": null, "session_id": "20250703_043920", "data": {"cpu": 100.0, "memory": 32.1}}
{"timestamp": "2025-07-03T08:51:05.935284", "level": "WARNING", "emoji": "\u26a0\ufe0f", "message": "\ud83d\udea8 Critical resource usage", "category": "Enhanced80RM", "process_id": null, "session_id": "20250703_043920", "data": {"cpu": 100.0, "memory": 32.1}}
{"timestamp": "2025-07-03T08:51:26.038215", "level": "WARNING", "emoji": "\u26a0\ufe0f", "message": "\ud83d\udea8 Critical resource usage", "category": "Enhanced80RM", "process_id": null, "session_id": "20250703_043920", "data": {"cpu": 100.0, "memory": 32.1}}
{"timestamp": "2025-07-03T08:51:46.140814", "level": "WARNING", "emoji": "\u26a0\ufe0f", "message": "\ud83d\udea8 Critical resource usage", "category": "Enhanced80RM", "process_id": null, "session_id": "20250703_043920", "data": {"cpu": 100.0, "memory": 32.1}}
{"timestamp": "2025-07-03T08:52:06.243387", "level": "WARNING", "emoji": "\u26a0\ufe0f", "message": "\ud83d\udea8 Critical resource usage", "category": "Enhanced80RM", "process_id": null, "session_id": "20250703_043920", "data": {"cpu": 100.0, "memory": 32.3}}
{"timestamp": "2025-07-03T08:52:26.346381", "level": "WARNING", "emoji": "\u26a0\ufe0f", "message": "\ud83d\udea8 Critical resource usage", "category": "Enhanced80RM", "process_id": null, "session_id": "20250703_043920", "data": {"cpu": 100.0, "memory": 32.3}}
{"timestamp": "2025-07-03T08:52:46.449137", "level": "WARNING", "emoji": "\u26a0\ufe0f", "message": "\ud83d\udea8 Critical resource usage", "category": "Enhanced80RM", "process_id": null, "session_id": "20250703_043920", "data": {"cpu": 100.0, "memory": 32.3}}
{"timestamp": "2025-07-03T08:53:06.552133", "level": "WARNING", "emoji": "\u26a0\ufe0f", "message": "\ud83d\udea8 Critical resource usage", "category": "Enhanced80RM", "process_id": null, "session_id": "20250703_043920", "data": {"cpu": 100.0, "memory": 32.3}}
{"timestamp": "2025-07-03T08:53:26.654664", "level": "WARNING", "emoji": "\u26a0\ufe0f", "message": "\ud83d\udea8 Critical resource usage", "category": "Enhanced80RM", "process_id": null, "session_id": "20250703_043920", "data": {"cpu": 100.0, "memory": 32.5}}
{"timestamp": "2025-07-03T08:53:46.761057", "level": "WARNING", "emoji": "\u26a0\ufe0f", "message": "\ud83d\udea8 Critical resource usage", "category": "Enhanced80RM", "process_id": null, "session_id": "20250703_043920", "data": {"cpu": 100.0, "memory": 32.6}}
{"timestamp": "2025-07-03T08:54:06.863782", "level": "WARNING", "emoji": "\u26a0\ufe0f", "message": "\ud83d\udea8 Critical resource usage", "category": "Enhanced80RM", "process_id": null, "session_id": "20250703_043920", "data": {"cpu": 100.0, "memory": 32.6}}
{"timestamp": "2025-07-03T08:54:26.966392", "level": "WARNING", "emoji": "\u26a0\ufe0f", "message": "\ud83d\udea8 Critical resource usage", "category": "Enhanced80RM", "process_id": null, "session_id": "20250703_043920", "data": {"cpu": 100.0, "memory": 32.6}}
{"timestamp": "2025-07-03T08:54:47.069024", "level": "WARNING", "emoji": "\u26a0\ufe0f", "message": "\ud83d\udea8 Critical resource usage", "category": "Enhanced80RM", "process_id": null, "session_id": "20250703_043920", "data": {"cpu": 100.0, "memory": 32.6}}
{"timestamp": "2025-07-03T08:55:07.172852", "level": "WARNING", "emoji": "\u26a0\ufe0f", "message": "\ud83d\udea8 Critical resource usage", "category": "Enhanced80RM", "process_id": null, "session_id": "20250703_043920", "data": {"cpu": 100.0, "memory": 32.7}}
{"timestamp": "2025-07-03T08:55:27.275457", "level": "WARNING", "emoji": "\u26a0\ufe0f", "message": "\ud83d\udea8 Critical resource usage", "category": "Enhanced80RM", "process_id": null, "session_id": "20250703_043920", "data": {"cpu": 100.0, "memory": 32.7}}
{"timestamp": "2025-07-03T08:55:47.378452", "level": "WARNING", "emoji": "\u26a0\ufe0f", "message": "\ud83d\udea8 Critical resource usage", "category": "Enhanced80RM", "process_id": null, "session_id": "20250703_043920", "data": {"cpu": 100.0, "memory": 32.8}}
{"timestamp": "2025-07-03T08:56:07.481384", "level": "WARNING", "emoji": "\u26a0\ufe0f", "message": "\ud83d\udea8 Critical resource usage", "category": "Enhanced80RM", "process_id": null, "session_id": "20250703_043920", "data": {"cpu": 100.0, "memory": 32.8}}
{"timestamp": "2025-07-03T08:56:27.586682", "level": "WARNING", "emoji": "\u26a0\ufe0f", "message": "\ud83d\udea8 Critical resource usage", "category": "Enhanced80RM", "process_id": null, "session_id": "20250703_043920", "data": {"cpu": 100.0, "memory": 32.9}}
{"timestamp": "2025-07-03T08:56:47.695907", "level": "WARNING", "emoji": "\u26a0\ufe0f", "message": "\ud83d\udea8 Critical resource usage", "category": "Enhanced80RM", "process_id": null, "session_id": "20250703_043920", "data": {"cpu": 100.0, "memory": 32.9}}
{"timestamp": "2025-07-03T08:57:07.799071", "level": "WARNING", "emoji": "\u26a0\ufe0f", "message": "\ud83d\udea8 Critical resource usage", "category": "Enhanced80RM", "process_id": null, "session_id": "20250703_043920", "data": {"cpu": 100.0, "memory": 33.0}}
